[00:04:02] [User Authenticator #3/INFO]: UUID of player lobo3224 is b7e5eca9-5a00-3da7-ac51-8f51ef42decc
[00:04:09] [Server thread/INFO]: lobo3224 joined the game
[00:04:09] [Server thread/INFO]: lobo3224[/127.208.155.119:47987] logged in with entity id 11649 at ([world]-167.68017763502198, 25.0, 722.9855300862598)
[00:05:22] [Server thread/INFO]: lobo3224 lost connection: Disconnected
[00:05:22] [Server thread/INFO]: lobo3224 left the game
[00:06:30] [User Authenticator #4/INFO]: UUID of player lobo3224 is b7e5eca9-5a00-3da7-ac51-8f51ef42decc
[00:06:49] [Server thread/INFO]: com.mojang.authlib.GameProfile@19f57d7b[id=b7e5eca9-5a00-3da7-ac51-8f51ef42decc,name=lobo3224,properties={textures=[Property[name=textures, value=ewogICJ0aW1lc3RhbXAiIDogMTc1MjEyMTUxMjI4NCwKICAicHJvZmlsZUlkIiA6ICIxMzVjZGUwYWJlOGE0NmE2OTc5YzNhMjRhNWM5NGFkZSIsCiAgInByb2ZpbGVOYW1lIiA6ICJDYXBpdGFuR2F0b1lUIiwKICAic2lnbmF0dXJlUmVxdWlyZWQiIDogdHJ1ZSwKICAidGV4dHVyZXMiIDogewogICAgIlNLSU4iIDogewogICAgICAidXJsIiA6ICJodHRwOi8vdGV4dHVyZXMubWluZWNyYWZ0Lm5ldC90ZXh0dXJlLzMwY2M4MTZlZDQ1MDMzYTMwZDFlMGY0MGZlZTM1YzhiZTc4Y2E2OWY3NjY4MzgxY2ZiNWNlOGVmZjNlY2UwNGEiCiAgICB9CiAgfQp9, signature=T8ctIpIILSSMBehs6QBB7w8VgpCkk/YaDILYogZI8CjOldEgujc70lwSU3STj5bS5T87YSLRaolYD3pVMtS8SpWLwrFPPvXBwUr25Nm1cPlCi/GoRIfv1BX5wlHV2Xuv8X2SIeZbmwhK33ApmB7U/kJczpDl6Ds0W5TvZN66P5XJu65SLcJjmatTtM8+ocaNWQX9XuoveZQ/Eqi6y+JO5Ps3huhUsVVWyIklOmT4JWBd+WdOM7ZmR4sqTqlxi5eZBgg9TTch1mcuVibP4k1rbS+cx8fRDiw2CIOoekufubjxW0n6UfQpCGQS7JGzR52Dl6ppAUIX+F2uZWvgLqjlRR1VbDyEj/wTumqn03AyPITY0ieqXVhZVHDXVAaBBC1MiIdx8Eabs4TFR9LZjmmkiAZD/4tyEWK783tin3NIysL5deI27TkParqeaBb74963jPM6H6c+vMhOqC5NdD8h3+ia37yq9qkN4cNBmEjatoFmx5M8ZHgozD/cayu8vxnwaHetCZ6N7O8cpzpPBAi67r0zjJRJMb3b2Aqkoq7gz3n6sGRnpR3vux/izRI3EplLgKxtb2ajvYztIXMo7M5PeZfb1/UUBQTPs+p45gf/z3/ujrOgGC/lYs+04SDAT1JWBIjOnVvxBRCpvTAmC7iNnAovcs2GjlPgWw9nZDe7B/o=]]}] lost connection: Disconnected
[00:08:05] [Server thread/INFO]: Santix15 issued server command: /time set day
[00:08:05] [Server thread/INFO]: [Santix15: Set the time to 1000]
[00:09:06] [User Authenticator #5/INFO]: UUID of player lobo3224 is b7e5eca9-5a00-3da7-ac51-8f51ef42decc
[00:09:08] [Server thread/INFO]: lobo3224 joined the game
[00:09:08] [Server thread/INFO]: lobo3224[/127.208.155.119:48977] logged in with entity id 12661 at ([world]-167.68017763502198, 25.0, 722.9855300862598)
[00:09:20] [Server thread/INFO]: lobo3224 was slain by Spider
[00:10:40] [Server thread/INFO]: lobo3224 issued server command: /skin CapitanGatoYT
[00:10:52] [Server thread/INFO]: lobo3224 issued server command: /skin emikukis
[00:12:14] [Async Chat Thread - #2/INFO]: [Not Secure] <Santix15> gonciii
[00:12:34] [Async Chat Thread - #2/INFO]: [Not Secure] <lobo3224> que
[00:12:46] [Async Chat Thread - #2/INFO]: [Not Secure] <Santix15> todavia queres el pcio?
[00:12:51] [Async Chat Thread - #2/INFO]: [Not Secure] <lobo3224> sia
[00:12:53] [Server thread/INFO]: lobo3224 was blown up by Creeper
[00:12:54] [Async Chat Thread - #2/INFO]: [Not Secure] <Santix15> pico
[00:13:06] [Async Chat Thread - #2/INFO]: [Not Secure] <lobo3224> si de diamon
[00:13:16] [Async Chat Thread - #2/INFO]: [Not Secure] <Santix15> y si es de hierro
[00:13:25] [Async Chat Thread - #2/INFO]: [Not Secure] <lobo3224> no me sirve
[00:13:37] [Async Chat Thread - #2/INFO]: [Not Secure] <Santix15> y conseguí nuevos amiguitos
[00:13:52] [Async Chat Thread - #2/INFO]: [Not Secure] <Santix15> toma tu pico
[00:13:55] [Async Chat Thread - #2/INFO]: [Not Secure] <Santix15> de diamond
